<?xml version="1.0" encoding="UTF-8"?>
<!-- Generated by org.testng.reporters.JUnitReportReporter -->
<testsuite skipped="0" hostname="DESKTOP-4OUNIVO" name="test.TestPlayer" tests="7" failures="0" timestamp="27 Apr 2018 16:36:18 GMT" time="0.003" errors="0">
  <testcase name="testGiveMoney" time="0.000" classname="test.TestPlayer"/>
  <testcase name="testSetPlayerPos" time="0.001" classname="test.TestPlayer"/>
  <testcase name="testTurnsLeftInJail" time="0.000" classname="test.TestPlayer"/>
  <testcase name="testSetTurnsLeftInJail" time="0.001" classname="test.TestPlayer"/>
  <testcase name="testMiscSettersAndGetters" time="0.000" classname="test.TestPlayer"/>
  <testcase name="testTakeMoney" time="0.000" classname="test.TestPlayer"/>
  <testcase name="testProperties" time="0.001" classname="test.TestPlayer"/>
</testsuite> <!-- test.TestPlayer -->
