<?xml version="1.0" encoding="UTF-8"?>
<!-- Generated by org.testng.reporters.JUnitReportReporter -->
<testsuite skipped="0" hostname="DESKTOP-4OUNIVO" name="test.PlayerTest2" tests="1" failures="0" timestamp="27 Apr 2018 16:36:18 GMT" time="0.000" errors="0">
  <testcase name="Property" time="0.000" classname="test.PlayerTest2"/>
</testsuite> <!-- test.PlayerTest2 -->
