<?xml version="1.0" encoding="UTF-8"?>
<!-- Generated by org.testng.reporters.JUnitReportReporter -->
<testsuite skipped="0" hostname="DESKTOP-4OUNIVO" name="test.TestStandardProperty" tests="3" failures="0" timestamp="26 Apr 2018 18:32:16 GMT" time="0.001" errors="0">
  <testcase name="testUpgradeAndDowngrade" time="0.000" classname="test.TestStandardProperty"/>
  <testcase name="testGettersAndSetters" time="0.001" classname="test.TestStandardProperty"/>
  <testcase name="testRent" time="0.000" classname="test.TestStandardProperty"/>
</testsuite> <!-- test.TestStandardProperty -->
