<?xml version="1.0" encoding="UTF-8"?>
<!-- Generated by org.testng.reporters.JUnitReportReporter -->
<testsuite skipped="0" hostname="DESKTOP-4OUNIVO" name="test.TestRailroadProperty" tests="2" failures="0" timestamp="26 Apr 2018 18:32:16 GMT" time="0.001" errors="0">
  <testcase name="testGetRent" time="0.001" classname="test.TestRailroadProperty"/>
  <testcase name="testGettersAndSetters" time="0.000" classname="test.TestRailroadProperty"/>
</testsuite> <!-- test.TestRailroadProperty -->
